<?xml version="1.0" encoding="UTF-8"?>
<testsuites errors="0" failures="1" skipped="0" tests="1" time="0.000581" timestamp="2013-11-19T14:29:40+00:00">
  <testsuite name="Fails" tests="1" errors="0" failures="1" skipped="0">
    <properties/>
    <testcase name="Fails twice" time="0.000219">
      <failure message="failed Fails twice" type="failed">
        <![CDATA[
./spec-runs/fails_twice_spec.rb:15:in `block (2 levels) in <top (required)>']]>
      </failure>
    </testcase>
  </testsuite>
</testsuites>
